[1] Log opened at 2022-12-09 22:54:08.357670
[1] [Step Debug] INFO: Connecting to configured address/port: localhost:9003.
[1] [Step Debug] WARN: Creating socket for 'localhost:9003', poll success, but error: Operation in progress (29).
[1] [Step Debug] WARN: Creating socket for 'localhost:9003', connect: Address not available.
[1] [Step Debug] ERR: Could not connect to debugging client. Tried: localhost:9003 (through xdebug.client_host/xdebug.client_port) :-(
[1] [Step Debug] INFO: Connecting to configured address/port: localhost:9003.
[1] [Step Debug] WARN: Creating socket for 'localhost:9003', poll success, but error: Operation in progress (29).
[1] [Step Debug] WARN: Creating socket for 'localhost:9003', connect: Address not available.
[1] [Step Debug] ERR: Could not connect to debugging client. Tried: localhost:9003 (through xdebug.client_host/xdebug.client_port) :-(
[1] Log closed at 2022-12-09 22:54:10.343590

[1] Log opened at 2022-12-09 22:56:13.177787
[1] [Step Debug] INFO: Connecting to configured address/port: localhost:9003.
[1] [Step Debug] WARN: Creating socket for 'localhost:9003', poll success, but error: Operation in progress (29).
[1] [Step Debug] WARN: Creating socket for 'localhost:9003', connect: Address not available.
[1] [Step Debug] ERR: Could not connect to debugging client. Tried: localhost:9003 (through xdebug.client_host/xdebug.client_port) :-(
[1] [Step Debug] INFO: Connecting to configured address/port: localhost:9003.
[1] [Step Debug] WARN: Creating socket for 'localhost:9003', poll success, but error: Operation in progress (29).
[1] [Step Debug] WARN: Creating socket for 'localhost:9003', connect: Address not available.
[1] [Step Debug] ERR: Could not connect to debugging client. Tried: localhost:9003 (through xdebug.client_host/xdebug.client_port) :-(
[1] Log closed at 2022-12-09 22:56:15.342993

[1] Log opened at 2022-12-09 22:56:54.248958
[1] [Step Debug] INFO: Connecting to configured address/port: localhost:9003.
[1] [Step Debug] WARN: Creating socket for 'localhost:9003', poll success, but error: Operation in progress (29).
[1] [Step Debug] WARN: Creating socket for 'localhost:9003', connect: Address not available.
[1] [Step Debug] ERR: Could not connect to debugging client. Tried: localhost:9003 (through xdebug.client_host/xdebug.client_port) :-(
[1] [Step Debug] INFO: Connecting to configured address/port: localhost:9003.
[1] [Step Debug] WARN: Creating socket for 'localhost:9003', poll success, but error: Operation in progress (29).
[1] [Step Debug] WARN: Creating socket for 'localhost:9003', connect: Address not available.
[1] [Step Debug] ERR: Could not connect to debugging client. Tried: localhost:9003 (through xdebug.client_host/xdebug.client_port) :-(
[1] Log closed at 2022-12-09 22:56:56.356793

